=================================================================
==16364==ERROR: AddressSanitizer: global-buffer-overflow on address 0x55b235f2bd44 at pc 0x7f5b97f9466e bp 0x7fff5efe8240 sp 0x7fff5efe79e8
READ of size 1 at 0x55b235f2bd44 thread T0
    #0 0x7f5b97f9466d  (/usr/lib/x86_64-linux-gnu/libasan.so.4+0x5166d)
    #1 0x7f5b97ce1506 in std::__cxx11::basic_string<char, std::char_traits<char>, std::allocator<char> >::basic_string(char const*, std::allocator<char> const&) (/usr/lib/x86_64-linux-gnu/libstdc++.so.6+0x127506)
    #2 0x55b235f28f31 in Solution::DFS(int, int, int) /home/leslie/share/leetcode/C-Solution2Leetcode/1155NumberofDiceRollsWithTargetSum/main.cpp:19
    #3 0x55b235f29637 in Solution::numRollsToTarget(int, int, int) /home/leslie/share/leetcode/C-Solution2Leetcode/1155NumberofDiceRollsWithTargetSum/main.cpp:43
    #4 0x55b235f28ab0 in main /home/leslie/share/leetcode/C-Solution2Leetcode/1155NumberofDiceRollsWithTargetSum/main.cpp:51
    #5 0x7f5b975d2b96 in __libc_start_main (/lib/x86_64-linux-gnu/libc.so.6+0x21b96)
    #6 0x55b235f288b9 in _start (/home/leslie/share/leetcode/C-Solution2Leetcode/1155NumberofDiceRollsWithTargetSum/main+0x18b9)

0x55b235f2bd44 is located 2 bytes to the right of global variable '*.LC1' defined in 'main.cpp' (0x55b235f2bd40) of size 2
  '*.LC1' is ascii string '_'
SUMMARY: AddressSanitizer: global-buffer-overflow (/usr/lib/x86_64-linux-gnu/libasan.so.4+0x5166d) 
Shadow bytes around the buggy address:
  0x0ab6c6bdd750: 00 00 00 00 00 00 00 00 00 00 00 00 00 00 00 00
  0x0ab6c6bdd760: 00 00 00 00 00 00 00 00 00 00 00 00 00 00 00 00
  0x0ab6c6bdd770: 00 00 00 00 00 00 00 00 01 f9 f9 f9 f9 f9 f9 f9
  0x0ab6c6bdd780: 01 f9 f9 f9 f9 f9 f9 f9 01 f9 f9 f9 f9 f9 f9 f9
  0x0ab6c6bdd790: 00 00 00 00 00 00 00 00 00 00 00 00 00 00 00 00
=>0x0ab6c6bdd7a0: 00 00 00 00 00 00 00 00[02]f9 f9 f9 f9 f9 f9 f9
  0x0ab6c6bdd7b0: 00 00 00 00 00 00 00 00 00 00 00 00 00 00 00 00
  0x0ab6c6bdd7c0: 00 00 00 00 00 00 00 00 00 00 00 00 00 00 00 00
  0x0ab6c6bdd7d0: 00 00 00 00 00 00 00 00 00 00 00 00 00 00 00 00
  0x0ab6c6bdd7e0: 00 00 00 00 00 00 00 00 00 00 00 00 00 00 00 00
  0x0ab6c6bdd7f0: 00 00 00 00 00 00 00 00 00 00 00 00 00 00 00 00
Shadow byte legend (one shadow byte represents 8 application bytes):
  Addressable:           00
  Partially addressable: 01 02 03 04 05 06 07 
  Heap left redzone:       fa
  Freed heap region:       fd
  Stack left redzone:      f1
  Stack mid redzone:       f2
  Stack right redzone:     f3
  Stack after return:      f5
  Stack use after scope:   f8
  Global redzone:          f9
  Global init order:       f6
  Poisoned by user:        f7
  Container overflow:      fc
  Array cookie:            ac
  Intra object redzone:    bb
  ASan internal:           fe
  Left alloca redzone:     ca
  Right alloca redzone:    cb
==16364==ABORTING
